C:\Users\suyash.s\Source\Repos\Classifieds\CorporateClassifieds\dist\out-tsc\e2e\src\app.po.js
C:\Users\suyash.s\Source\Repos\Classifieds\CorporateClassifieds\dist\out-tsc\e2e\src\app.po.js.map
C:\Users\suyash.s\Source\Repos\Classifieds\CorporateClassifieds\dist\out-tsc\e2e\src\app.e2e-spec.js
C:\Users\suyash.s\Source\Repos\Classifieds\CorporateClassifieds\dist\out-tsc\e2e\src\app.e2e-spec.js.map
C:\Users\suyash.s\Source\Repos\Classifieds\CorporateClassifieds\dist\out-tsc\src\app\login\login.component.js
C:\Users\suyash.s\Source\Repos\Classifieds\CorporateClassifieds\dist\out-tsc\src\app\login\login.component.js.map
C:\Users\suyash.s\Source\Repos\Classifieds\CorporateClassifieds\dist\out-tsc\src\app\Models\AdDetails.js
C:\Users\suyash.s\Source\Repos\Classifieds\CorporateClassifieds\dist\out-tsc\src\app\Models\AdDetails.js.map
C:\Users\suyash.s\Source\Repos\Classifieds\CorporateClassifieds\dist\out-tsc\src\app\Models\CategoryModel.js
C:\Users\suyash.s\Source\Repos\Classifieds\CorporateClassifieds\dist\out-tsc\src\app\Models\CategoryModel.js.map
C:\Users\suyash.s\Source\Repos\Classifieds\CorporateClassifieds\dist\out-tsc\src\app\Models\Icon.js
C:\Users\suyash.s\Source\Repos\Classifieds\CorporateClassifieds\dist\out-tsc\src\app\Models\Icon.js.map
C:\Users\suyash.s\Source\Repos\Classifieds\CorporateClassifieds\dist\out-tsc\src\app\Models\UserInfo.js
C:\Users\suyash.s\Source\Repos\Classifieds\CorporateClassifieds\dist\out-tsc\src\app\Models\UserInfo.js.map
C:\Users\suyash.s\Source\Repos\Classifieds\CorporateClassifieds\dist\out-tsc\src\app\Models\TimeInfo.js
C:\Users\suyash.s\Source\Repos\Classifieds\CorporateClassifieds\dist\out-tsc\src\app\Models\TimeInfo.js.map
C:\Users\suyash.s\Source\Repos\Classifieds\CorporateClassifieds\dist\out-tsc\src\app\Models\ViewModel.js
C:\Users\suyash.s\Source\Repos\Classifieds\CorporateClassifieds\dist\out-tsc\src\app\Models\ViewModel.js.map
C:\Users\suyash.s\Source\Repos\Classifieds\CorporateClassifieds\dist\out-tsc\src\app\Models\Offers.js
C:\Users\suyash.s\Source\Repos\Classifieds\CorporateClassifieds\dist\out-tsc\src\app\Models\Offers.js.map
C:\Users\suyash.s\Source\Repos\Classifieds\CorporateClassifieds\dist\out-tsc\src\app\Models\index.js
C:\Users\suyash.s\Source\Repos\Classifieds\CorporateClassifieds\dist\out-tsc\src\app\Models\index.js.map
C:\Users\suyash.s\Source\Repos\Classifieds\CorporateClassifieds\dist\out-tsc\src\app\Shared\AppService.js
C:\Users\suyash.s\Source\Repos\Classifieds\CorporateClassifieds\dist\out-tsc\src\app\Shared\AppService.js.map
C:\Users\suyash.s\Source\Repos\Classifieds\CorporateClassifieds\dist\out-tsc\src\app\Inbox\InboxService.js
C:\Users\suyash.s\Source\Repos\Classifieds\CorporateClassifieds\dist\out-tsc\src\app\Inbox\InboxService.js.map
C:\Users\suyash.s\Source\Repos\Classifieds\CorporateClassifieds\dist\out-tsc\src\app\Classifieds\Dashboard\classifieds.component.js
C:\Users\suyash.s\Source\Repos\Classifieds\CorporateClassifieds\dist\out-tsc\src\app\Classifieds\Dashboard\classifieds.component.js.map
C:\Users\suyash.s\Source\Repos\Classifieds\CorporateClassifieds\dist\out-tsc\src\app\Shared\AdList\ad-list.component.js
C:\Users\suyash.s\Source\Repos\Classifieds\CorporateClassifieds\dist\out-tsc\src\app\Shared\AdList\ad-list.component.js.map
C:\Users\suyash.s\Source\Repos\Classifieds\CorporateClassifieds\dist\out-tsc\src\app\Shared\AdList\index.js
C:\Users\suyash.s\Source\Repos\Classifieds\CorporateClassifieds\dist\out-tsc\src\app\Shared\AdList\index.js.map
C:\Users\suyash.s\Source\Repos\Classifieds\CorporateClassifieds\dist\out-tsc\src\app\Shared\Advertisement\advertisement.component.js
C:\Users\suyash.s\Source\Repos\Classifieds\CorporateClassifieds\dist\out-tsc\src\app\Shared\Advertisement\advertisement.component.js.map
C:\Users\suyash.s\Source\Repos\Classifieds\CorporateClassifieds\dist\out-tsc\src\app\Shared\Advertisement\index.js
C:\Users\suyash.s\Source\Repos\Classifieds\CorporateClassifieds\dist\out-tsc\src\app\Shared\Advertisement\index.js.map
C:\Users\suyash.s\Source\Repos\Classifieds\CorporateClassifieds\dist\out-tsc\src\app\Shared\ClassifiedList\classified-list.component.js
C:\Users\suyash.s\Source\Repos\Classifieds\CorporateClassifieds\dist\out-tsc\src\app\Shared\ClassifiedList\classified-list.component.js.map
C:\Users\suyash.s\Source\Repos\Classifieds\CorporateClassifieds\dist\out-tsc\src\app\Shared\ClassifiedList\index.js
C:\Users\suyash.s\Source\Repos\Classifieds\CorporateClassifieds\dist\out-tsc\src\app\Shared\ClassifiedList\index.js.map
C:\Users\suyash.s\Source\Repos\Classifieds\CorporateClassifieds\dist\out-tsc\src\app\Shared\ClassifiedDropDown\classified-drop-down.component.js
C:\Users\suyash.s\Source\Repos\Classifieds\CorporateClassifieds\dist\out-tsc\src\app\Shared\ClassifiedDropDown\classified-drop-down.component.js.map
C:\Users\suyash.s\Source\Repos\Classifieds\CorporateClassifieds\dist\out-tsc\src\app\Shared\ClassifiedDropDown\index.js
C:\Users\suyash.s\Source\Repos\Classifieds\CorporateClassifieds\dist\out-tsc\src\app\Shared\ClassifiedDropDown\index.js.map
C:\Users\suyash.s\Source\Repos\Classifieds\CorporateClassifieds\dist\out-tsc\src\app\Shared\index.js
C:\Users\suyash.s\Source\Repos\Classifieds\CorporateClassifieds\dist\out-tsc\src\app\Shared\index.js.map
C:\Users\suyash.s\Source\Repos\Classifieds\CorporateClassifieds\dist\out-tsc\src\app\Classifieds\index.js
C:\Users\suyash.s\Source\Repos\Classifieds\CorporateClassifieds\dist\out-tsc\src\app\Classifieds\index.js.map
C:\Users\suyash.s\Source\Repos\Classifieds\CorporateClassifieds\dist\out-tsc\src\app\Classifieds\classifieds-routing.module.js
C:\Users\suyash.s\Source\Repos\Classifieds\CorporateClassifieds\dist\out-tsc\src\app\Classifieds\classifieds-routing.module.js.map
C:\Users\suyash.s\Source\Repos\Classifieds\CorporateClassifieds\dist\out-tsc\src\app\Shared\shared.module.js
C:\Users\suyash.s\Source\Repos\Classifieds\CorporateClassifieds\dist\out-tsc\src\app\Shared\shared.module.js.map
C:\Users\suyash.s\Source\Repos\Classifieds\CorporateClassifieds\dist\out-tsc\src\app\Classifieds\classifieds.module.js
C:\Users\suyash.s\Source\Repos\Classifieds\CorporateClassifieds\dist\out-tsc\src\app\Classifieds\classifieds.module.js.map
C:\Users\suyash.s\Source\Repos\Classifieds\CorporateClassifieds\dist\out-tsc\src\app\MyClassifieds\Active\active.component.js
C:\Users\suyash.s\Source\Repos\Classifieds\CorporateClassifieds\dist\out-tsc\src\app\MyClassifieds\Active\active.component.js.map
C:\Users\suyash.s\Source\Repos\Classifieds\CorporateClassifieds\dist\out-tsc\src\app\MyClassifieds\Active\index.js
C:\Users\suyash.s\Source\Repos\Classifieds\CorporateClassifieds\dist\out-tsc\src\app\MyClassifieds\Active\index.js.map
C:\Users\suyash.s\Source\Repos\Classifieds\CorporateClassifieds\dist\out-tsc\src\app\MyClassifieds\History\history.component.js
C:\Users\suyash.s\Source\Repos\Classifieds\CorporateClassifieds\dist\out-tsc\src\app\MyClassifieds\History\history.component.js.map
C:\Users\suyash.s\Source\Repos\Classifieds\CorporateClassifieds\dist\out-tsc\src\app\MyClassifieds\History\index.js
C:\Users\suyash.s\Source\Repos\Classifieds\CorporateClassifieds\dist\out-tsc\src\app\MyClassifieds\History\index.js.map
C:\Users\suyash.s\Source\Repos\Classifieds\CorporateClassifieds\dist\out-tsc\src\app\MyClassifieds\Create\create.component.js
C:\Users\suyash.s\Source\Repos\Classifieds\CorporateClassifieds\dist\out-tsc\src\app\MyClassifieds\Create\create.component.js.map
C:\Users\suyash.s\Source\Repos\Classifieds\CorporateClassifieds\dist\out-tsc\src\app\MyClassifieds\Create\index.js
C:\Users\suyash.s\Source\Repos\Classifieds\CorporateClassifieds\dist\out-tsc\src\app\MyClassifieds\Create\index.js.map
C:\Users\suyash.s\Source\Repos\Classifieds\CorporateClassifieds\dist\out-tsc\src\app\MyClassifieds\Home\home.component.js
C:\Users\suyash.s\Source\Repos\Classifieds\CorporateClassifieds\dist\out-tsc\src\app\MyClassifieds\Home\home.component.js.map
C:\Users\suyash.s\Source\Repos\Classifieds\CorporateClassifieds\dist\out-tsc\src\app\MyClassifieds\Home\index.js
C:\Users\suyash.s\Source\Repos\Classifieds\CorporateClassifieds\dist\out-tsc\src\app\MyClassifieds\Home\index.js.map
C:\Users\suyash.s\Source\Repos\Classifieds\CorporateClassifieds\dist\out-tsc\src\app\MyClassifieds\index.js
C:\Users\suyash.s\Source\Repos\Classifieds\CorporateClassifieds\dist\out-tsc\src\app\MyClassifieds\index.js.map
C:\Users\suyash.s\Source\Repos\Classifieds\CorporateClassifieds\dist\out-tsc\src\app\MyClassifieds\myclassified-routing.module.js
C:\Users\suyash.s\Source\Repos\Classifieds\CorporateClassifieds\dist\out-tsc\src\app\MyClassifieds\myclassified-routing.module.js.map
C:\Users\suyash.s\Source\Repos\Classifieds\CorporateClassifieds\dist\out-tsc\src\app\MyClassifieds\Slider\slider.component.js
C:\Users\suyash.s\Source\Repos\Classifieds\CorporateClassifieds\dist\out-tsc\src\app\MyClassifieds\Slider\slider.component.js.map
C:\Users\suyash.s\Source\Repos\Classifieds\CorporateClassifieds\dist\out-tsc\src\app\MyClassifieds\myclassified.module.js
C:\Users\suyash.s\Source\Repos\Classifieds\CorporateClassifieds\dist\out-tsc\src\app\MyClassifieds\myclassified.module.js.map
C:\Users\suyash.s\Source\Repos\Classifieds\CorporateClassifieds\dist\out-tsc\src\app\Inbox\Dashboard\inbox.component.js
C:\Users\suyash.s\Source\Repos\Classifieds\CorporateClassifieds\dist\out-tsc\src\app\Inbox\Dashboard\inbox.component.js.map
C:\Users\suyash.s\Source\Repos\Classifieds\CorporateClassifieds\dist\out-tsc\src\app\Inbox\InboxData\inbox-data.component.js
C:\Users\suyash.s\Source\Repos\Classifieds\CorporateClassifieds\dist\out-tsc\src\app\Inbox\InboxData\inbox-data.component.js.map
C:\Users\suyash.s\Source\Repos\Classifieds\CorporateClassifieds\dist\out-tsc\src\app\Inbox\index.js
C:\Users\suyash.s\Source\Repos\Classifieds\CorporateClassifieds\dist\out-tsc\src\app\Inbox\index.js.map
C:\Users\suyash.s\Source\Repos\Classifieds\CorporateClassifieds\dist\out-tsc\src\app\Inbox\inbox-routing.module.js
C:\Users\suyash.s\Source\Repos\Classifieds\CorporateClassifieds\dist\out-tsc\src\app\Inbox\inbox-routing.module.js.map
C:\Users\suyash.s\Source\Repos\Classifieds\CorporateClassifieds\dist\out-tsc\src\app\Inbox\inbox.module.js
C:\Users\suyash.s\Source\Repos\Classifieds\CorporateClassifieds\dist\out-tsc\src\app\Inbox\inbox.module.js.map
C:\Users\suyash.s\Source\Repos\Classifieds\CorporateClassifieds\dist\out-tsc\src\app\Admin\IconConfig.js
C:\Users\suyash.s\Source\Repos\Classifieds\CorporateClassifieds\dist\out-tsc\src\app\Admin\IconConfig.js.map
C:\Users\suyash.s\Source\Repos\Classifieds\CorporateClassifieds\dist\out-tsc\src\app\Admin\AdminService.js
C:\Users\suyash.s\Source\Repos\Classifieds\CorporateClassifieds\dist\out-tsc\src\app\Admin\AdminService.js.map
C:\Users\suyash.s\Source\Repos\Classifieds\CorporateClassifieds\dist\out-tsc\src\app\Admin\Dashboard\admin.component.js
C:\Users\suyash.s\Source\Repos\Classifieds\CorporateClassifieds\dist\out-tsc\src\app\Admin\Dashboard\admin.component.js.map
C:\Users\suyash.s\Source\Repos\Classifieds\CorporateClassifieds\dist\out-tsc\src\app\Admin\admin-routing.module.js
C:\Users\suyash.s\Source\Repos\Classifieds\CorporateClassifieds\dist\out-tsc\src\app\Admin\admin-routing.module.js.map
C:\Users\suyash.s\Source\Repos\Classifieds\CorporateClassifieds\dist\out-tsc\src\app\Admin\admin.module.js
C:\Users\suyash.s\Source\Repos\Classifieds\CorporateClassifieds\dist\out-tsc\src\app\Admin\admin.module.js.map
C:\Users\suyash.s\Source\Repos\Classifieds\CorporateClassifieds\dist\out-tsc\src\app\app-routing.module.js
C:\Users\suyash.s\Source\Repos\Classifieds\CorporateClassifieds\dist\out-tsc\src\app\app-routing.module.js.map
C:\Users\suyash.s\Source\Repos\Classifieds\CorporateClassifieds\dist\out-tsc\src\app\app.component.js
C:\Users\suyash.s\Source\Repos\Classifieds\CorporateClassifieds\dist\out-tsc\src\app\app.component.js.map
C:\Users\suyash.s\Source\Repos\Classifieds\CorporateClassifieds\dist\out-tsc\src\app\app.module.js
C:\Users\suyash.s\Source\Repos\Classifieds\CorporateClassifieds\dist\out-tsc\src\app\app.module.js.map
C:\Users\suyash.s\Source\Repos\Classifieds\CorporateClassifieds\dist\out-tsc\src\environments\environment.js
C:\Users\suyash.s\Source\Repos\Classifieds\CorporateClassifieds\dist\out-tsc\src\environments\environment.js.map
C:\Users\suyash.s\Source\Repos\Classifieds\CorporateClassifieds\dist\out-tsc\src\main.js
C:\Users\suyash.s\Source\Repos\Classifieds\CorporateClassifieds\dist\out-tsc\src\main.js.map
C:\Users\suyash.s\Source\Repos\Classifieds\CorporateClassifieds\dist\out-tsc\src\polyfills.js
C:\Users\suyash.s\Source\Repos\Classifieds\CorporateClassifieds\dist\out-tsc\src\polyfills.js.map
C:\Users\suyash.s\Source\Repos\Classifieds\CorporateClassifieds\dist\out-tsc\src\test.js
C:\Users\suyash.s\Source\Repos\Classifieds\CorporateClassifieds\dist\out-tsc\src\test.js.map
C:\Users\suyash.s\Source\Repos\Classifieds\CorporateClassifieds\dist\out-tsc\src\app\app.component.spec.js
C:\Users\suyash.s\Source\Repos\Classifieds\CorporateClassifieds\dist\out-tsc\src\app\app.component.spec.js.map
C:\Users\suyash.s\Source\Repos\Classifieds\CorporateClassifieds\dist\out-tsc\src\app\Admin\index.js
C:\Users\suyash.s\Source\Repos\Classifieds\CorporateClassifieds\dist\out-tsc\src\app\Admin\index.js.map
C:\Users\suyash.s\Source\Repos\Classifieds\CorporateClassifieds\dist\out-tsc\src\app\MyClassifieds\Slider\index.js
C:\Users\suyash.s\Source\Repos\Classifieds\CorporateClassifieds\dist\out-tsc\src\app\MyClassifieds\Slider\index.js.map
C:\Users\suyash.s\Source\Repos\Classifieds\CorporateClassifieds\dist\out-tsc\src\environments\environment.prod.js
C:\Users\suyash.s\Source\Repos\Classifieds\CorporateClassifieds\dist\out-tsc\src\environments\environment.prod.js.map
