C:\Users\suyash.s\source\repos\CorporateClassifieds\dist\out-tsc\e2e\src\app.po.js
C:\Users\suyash.s\source\repos\CorporateClassifieds\dist\out-tsc\e2e\src\app.po.js.map
C:\Users\suyash.s\source\repos\CorporateClassifieds\dist\out-tsc\e2e\src\app.e2e-spec.js
C:\Users\suyash.s\source\repos\CorporateClassifieds\dist\out-tsc\e2e\src\app.e2e-spec.js.map
C:\Users\suyash.s\source\repos\CorporateClassifieds\dist\out-tsc\src\app\Admin\admin.component.js
C:\Users\suyash.s\source\repos\CorporateClassifieds\dist\out-tsc\src\app\Admin\admin.component.js.map
C:\Users\suyash.s\source\repos\CorporateClassifieds\dist\out-tsc\src\app\Classifieds\classifieds.component.js
C:\Users\suyash.s\source\repos\CorporateClassifieds\dist\out-tsc\src\app\Classifieds\classifieds.component.js.map
C:\Users\suyash.s\source\repos\CorporateClassifieds\dist\out-tsc\src\app\Inbox\inbox.component.js
C:\Users\suyash.s\source\repos\CorporateClassifieds\dist\out-tsc\src\app\Inbox\inbox.component.js.map
C:\Users\suyash.s\source\repos\CorporateClassifieds\dist\out-tsc\src\app\MyClassifieds\myClassifieds.component.js
C:\Users\suyash.s\source\repos\CorporateClassifieds\dist\out-tsc\src\app\MyClassifieds\myClassifieds.component.js.map
C:\Users\suyash.s\source\repos\CorporateClassifieds\dist\out-tsc\src\app\app-routing.module.js
C:\Users\suyash.s\source\repos\CorporateClassifieds\dist\out-tsc\src\app\app-routing.module.js.map
C:\Users\suyash.s\source\repos\CorporateClassifieds\dist\out-tsc\src\app\app.component.js
C:\Users\suyash.s\source\repos\CorporateClassifieds\dist\out-tsc\src\app\app.component.js.map
C:\Users\suyash.s\source\repos\CorporateClassifieds\dist\out-tsc\src\app\app.module.js
C:\Users\suyash.s\source\repos\CorporateClassifieds\dist\out-tsc\src\app\app.module.js.map
C:\Users\suyash.s\source\repos\CorporateClassifieds\dist\out-tsc\src\environments\environment.js
C:\Users\suyash.s\source\repos\CorporateClassifieds\dist\out-tsc\src\environments\environment.js.map
C:\Users\suyash.s\source\repos\CorporateClassifieds\dist\out-tsc\src\main.js
C:\Users\suyash.s\source\repos\CorporateClassifieds\dist\out-tsc\src\main.js.map
C:\Users\suyash.s\source\repos\CorporateClassifieds\dist\out-tsc\src\polyfills.js
C:\Users\suyash.s\source\repos\CorporateClassifieds\dist\out-tsc\src\polyfills.js.map
C:\Users\suyash.s\source\repos\CorporateClassifieds\dist\out-tsc\src\test.js
C:\Users\suyash.s\source\repos\CorporateClassifieds\dist\out-tsc\src\test.js.map
C:\Users\suyash.s\source\repos\CorporateClassifieds\dist\out-tsc\src\app\app.component.spec.js
C:\Users\suyash.s\source\repos\CorporateClassifieds\dist\out-tsc\src\app\app.component.spec.js.map
C:\Users\suyash.s\source\repos\CorporateClassifieds\dist\out-tsc\src\environments\environment.prod.js
C:\Users\suyash.s\source\repos\CorporateClassifieds\dist\out-tsc\src\environments\environment.prod.js.map
